<?xml version="1.0" encoding="UTF-8"?>
<!-- Generated by org.testng.reporters.JUnitXMLReporter -->
<testsuite ignored="0" hostname="HB11536" failures="0" tests="4" name="Default test" time="12.213" errors="0" timestamp="2022-03-17T12:53:53 EDT">
  <testcase classname="mid_term.LoginTest" name="Loginwithwrongvalues" time="2.256"/>
  <testcase classname="mid_term.LoginTest" name="Loginwithrightvalue" time="2.432"/>
  <testcase classname="mid_term.LoginTest" name="patient" time="1.32"/>
  <testcase classname="mid_term.LoginTest" name="enterdata" time="5.291"/>
</testsuite> <!-- Default test -->
