<?xml version="1.0" encoding="UTF-8"?>
<testng-results ignored="0" total="1" passed="1" failed="0" skipped="0">
  <reporter-output>
  </reporter-output>
  <suite started-at="2022-03-25T08:54:45 EDT" name="Default suite" finished-at="2022-03-25T08:54:59 EDT" duration-ms="13846">
    <groups>
    </groups>
    <test started-at="2022-03-25T08:54:45 EDT" name="Default test" finished-at="2022-03-25T08:54:59 EDT" duration-ms="13846">
      <class name="more_ways.WindowHandle_Demo">
        <test-method signature="fhgf()[pri:0, instance:more_ways.WindowHandle_Demo@4df50bcc]" started-at="2022-03-25T08:54:45 EDT" name="fhgf" finished-at="2022-03-25T08:54:59 EDT" duration-ms="13820" status="PASS">
          <reporter-output>
          </reporter-output>
        </test-method> <!-- fhgf -->
      </class> <!-- more_ways.WindowHandle_Demo -->
    </test> <!-- Default test -->
  </suite> <!-- Default suite -->
</testng-results>
