<?xml version="1.0" encoding="UTF-8"?>
<testng-results ignored="0" total="4" passed="4" failed="0" skipped="0">
  <reporter-output>
  </reporter-output>
  <suite started-at="2022-03-17T12:53:40 EDT" name="Default suite" finished-at="2022-03-17T12:53:53 EDT" duration-ms="12213">
    <groups>
    </groups>
    <test started-at="2022-03-17T12:53:40 EDT" name="Default test" finished-at="2022-03-17T12:53:53 EDT" duration-ms="12213">
      <class name="mid_term.LoginTest">
        <test-method is-config="true" signature="LunchBrowser()[pri:0, instance:mid_term.LoginTest@75cd8043]" started-at="2022-03-17T12:53:40 EDT" name="LunchBrowser" finished-at="2022-03-17T12:53:41 EDT" duration-ms="886" status="PASS">
          <reporter-output>
          </reporter-output>
        </test-method> <!-- LunchBrowser -->
        <test-method signature="Loginwithwrongvalues()[pri:-1, instance:mid_term.LoginTest@75cd8043]" started-at="2022-03-17T12:53:41 EDT" name="Loginwithwrongvalues" finished-at="2022-03-17T12:53:44 EDT" duration-ms="2256" status="PASS">
          <reporter-output>
          </reporter-output>
        </test-method> <!-- Loginwithwrongvalues -->
        <test-method signature="Loginwithrightvalue()[pri:0, instance:mid_term.LoginTest@75cd8043]" started-at="2022-03-17T12:53:44 EDT" name="Loginwithrightvalue" finished-at="2022-03-17T12:53:46 EDT" duration-ms="2432" status="PASS">
          <reporter-output>
          </reporter-output>
        </test-method> <!-- Loginwithrightvalue -->
        <test-method signature="patient()[pri:1, instance:mid_term.LoginTest@75cd8043]" started-at="2022-03-17T12:53:46 EDT" name="patient" finished-at="2022-03-17T12:53:47 EDT" duration-ms="1320" status="PASS">
          <reporter-output>
          </reporter-output>
        </test-method> <!-- patient -->
        <test-method signature="enterdata()[pri:2, instance:mid_term.LoginTest@75cd8043]" started-at="2022-03-17T12:53:47 EDT" name="enterdata" finished-at="2022-03-17T12:53:53 EDT" duration-ms="5291" status="PASS">
          <reporter-output>
          </reporter-output>
        </test-method> <!-- enterdata -->
      </class> <!-- mid_term.LoginTest -->
    </test> <!-- Default test -->
  </suite> <!-- Default suite -->
</testng-results>
